i:
0x7ffe2a0e0c2e	 	0x34 		 52
0x7ffe2a0e0c2f	 	0x12 		 18

x:
0x7ffe2a0e0c2d	 	0x81 		 129

sn1:
0x7ffe2a0e0c30	 	0x9b 		 155
0x7ffe2a0e0c31	 	0xf3 		 243
0x7ffe2a0e0c32	 	0x0f 		 15
0x7ffe2a0e0c33	 	0x00 		 0
0x7ffe2a0e0c34	 	0x00 		 0
0x7ffe2a0e0c35	 	0x00 		 0
0x7ffe2a0e0c36	 	0x00 		 0
0x7ffe2a0e0c37	 	0x00 		 0

sn2:
0x7ffe2a0e0c38	 	0x15 		 21
0x7ffe2a0e0c39	 	0x05 		 5
0x7ffe2a0e0c3a	 	0x10 		 16
0x7ffe2a0e0c3b	 	0x00 		 0
0x7ffe2a0e0c3c	 	0x00 		 0
0x7ffe2a0e0c3d	 	0x00 		 0
0x7ffe2a0e0c3e	 	0x00 		 0
0x7ffe2a0e0c3f	 	0x00 		 0

y:
0x7ffe2a0e0c40	 	0x44 		 68
0x7ffe2a0e0c41	 	0x33 		 51
0x7ffe2a0e0c42	 	0x22 		 34
0x7ffe2a0e0c43	 	0x11 		 17
0x7ffe2a0e0c44	 	0x11 		 17
0x7ffe2a0e0c45	 	0x22 		 34
0x7ffe2a0e0c46	 	0x33 		 51
0x7ffe2a0e0c47	 	0x44 		 68

